=========================================================
         游볼游볼  FASTQC for RAW FASTQ files 游볼游볼
=========================================================
Log file: ./Project/logs/fastqc_raw_20251124_190057.log
Raw data directory: ./Project/Data/Raw_data
Output directory: ./Project/Tools/Fastqc
---------------------------------------------------------

>>> Processing sample: A_R1.fastq.gz
application/gzip
Failed to process ./Project/Data/Raw_data/A_R1.fastq.gz
java.io.EOFException
	at java.base/java.util.zip.GZIPInputStream.readUByte(GZIPInputStream.java:294)
	at java.base/java.util.zip.GZIPInputStream.readUShort(GZIPInputStream.java:284)
	at java.base/java.util.zip.GZIPInputStream.readHeader(GZIPInputStream.java:196)
	at java.base/java.util.zip.GZIPInputStream.<init>(GZIPInputStream.java:81)
	at java.base/java.util.zip.GZIPInputStream.<init>(GZIPInputStream.java:112)
	at uk.ac.babraham.FastQC.Utilities.MultiMemberGZIPInputStream.<init>(MultiMemberGZIPInputStream.java:37)
	at uk.ac.babraham.FastQC.Sequence.FastQFile.<init>(FastQFile.java:84)
	at uk.ac.babraham.FastQC.Sequence.SequenceFactory.getSequenceFile(SequenceFactory.java:106)
	at uk.ac.babraham.FastQC.Sequence.SequenceFactory.getSequenceFile(SequenceFactory.java:62)
	at uk.ac.babraham.FastQC.Analysis.OfflineRunner.processFile(OfflineRunner.java:163)
	at uk.ac.babraham.FastQC.Analysis.OfflineRunner.<init>(OfflineRunner.java:125)
	at uk.ac.babraham.FastQC.FastQCApplication.main(FastQCApplication.java:316)
